<?xml version="1.0" encoding="UTF-8"?>
<!-- Generated by org.testng.reporters.JUnitXMLReporter -->
<testsuite ignored="2" hostname="DESKTOP-LLREKF9" failures="0" tests="1" name="Test" time="0.101" errors="0" timestamp="2023-08-28T17:11:55 IST">
  <testcase classname="pom_script_package.Groups" name="test1" time="0.013"/>
  <testcase classname="pom_script_package.Groups" name="test2" time="0.0">
    <ignored/>
  </testcase> <!-- test2 -->
  <testcase classname="pom_script_package.Groups" name="test3" time="0.0">
    <ignored/>
  </testcase> <!-- test3 -->
</testsuite> <!-- Test -->
