<?xml version="1.0" encoding="UTF-8"?>
<testng-results ignored="0" total="3" passed="3" failed="0" skipped="0">
  <reporter-output>
  </reporter-output>
  <suite started-at="2023-08-31T14:00:09 IST" name="Default suite" finished-at="2023-08-31T14:00:09 IST" duration-ms="256">
    <groups>
      <group name="functional">
        <method signature="Groups.test1()[pri:0, instance:pom_script_package.Groups@14dda234]" name="test1" class="pom_script_package.Groups"/>
      </group> <!-- functional -->
      <group name="regression">
        <method signature="Groups.test2()[pri:0, instance:pom_script_package.Groups@14dda234]" name="test2" class="pom_script_package.Groups"/>
        <method signature="Groups.test3()[pri:0, instance:pom_script_package.Groups@14dda234]" name="test3" class="pom_script_package.Groups"/>
      </group> <!-- regression -->
      <group name="sanity">
        <method signature="Groups.test2()[pri:0, instance:pom_script_package.Groups@14dda234]" name="test2" class="pom_script_package.Groups"/>
      </group> <!-- sanity -->
    </groups>
    <test started-at="2023-08-31T14:00:09 IST" name="Default test" finished-at="2023-08-31T14:00:09 IST" duration-ms="256">
      <class name="pom_script_package.Groups">
        <test-method signature="test1()[pri:0, instance:pom_script_package.Groups@14dda234]" started-at="2023-08-31T14:00:09 IST" name="test1" finished-at="2023-08-31T14:00:09 IST" duration-ms="38" status="PASS">
          <reporter-output>
          </reporter-output>
        </test-method> <!-- test1 -->
        <test-method signature="test2()[pri:0, instance:pom_script_package.Groups@14dda234]" started-at="2023-08-31T14:00:09 IST" name="test2" finished-at="2023-08-31T14:00:09 IST" duration-ms="14" status="PASS">
          <reporter-output>
          </reporter-output>
        </test-method> <!-- test2 -->
        <test-method signature="test3()[pri:0, instance:pom_script_package.Groups@14dda234]" started-at="2023-08-31T14:00:09 IST" name="test3" finished-at="2023-08-31T14:00:09 IST" duration-ms="32" status="PASS">
          <reporter-output>
          </reporter-output>
        </test-method> <!-- test3 -->
      </class> <!-- pom_script_package.Groups -->
    </test> <!-- Default test -->
  </suite> <!-- Default suite -->
</testng-results>
