<?xml version="1.0" encoding="UTF-8"?>
<testng-results ignored="0" total="1" passed="1" failed="0" skipped="0">
  <reporter-output>
  </reporter-output>
  <suite started-at="2023-08-31T13:52:16 IST" name="Default suite" finished-at="2023-08-31T13:52:16 IST" duration-ms="237">
    <groups>
    </groups>
    <test started-at="2023-08-31T13:52:16 IST" name="Default test" finished-at="2023-08-31T13:52:16 IST" duration-ms="237">
      <class name="reportingtool.Reporting_tool_3">
        <test-method signature="reports()[pri:0, instance:reportingtool.Reporting_tool_3@66f57048]" started-at="2023-08-31T13:52:16 IST" name="reports" finished-at="2023-08-31T13:52:16 IST" duration-ms="146" status="PASS">
          <reporter-output>
          </reporter-output>
        </test-method> <!-- reports -->
      </class> <!-- reportingtool.Reporting_tool_3 -->
    </test> <!-- Default test -->
  </suite> <!-- Default suite -->
</testng-results>
