<?xml version="1.0" encoding="UTF-8"?>
<!-- Generated by org.testng.reporters.JUnitXMLReporter -->
<testsuite ignored="0" hostname="DESKTOP-LLREKF9" failures="0" tests="3" name="Default test" time="0.256" errors="0" timestamp="2023-08-31T14:00:09 IST">
  <testcase classname="pom_script_package.Groups" name="test1" time="0.038"/>
  <testcase classname="pom_script_package.Groups" name="test2" time="0.014"/>
  <testcase classname="pom_script_package.Groups" name="test3" time="0.032"/>
</testsuite> <!-- Default test -->
