<?xml version="1.0" encoding="UTF-8"?>
<!-- Generated by org.testng.reporters.JUnitXMLReporter -->
<testsuite ignored="0" hostname="DESKTOP-LLREKF9" failures="1" tests="3" name="Test" time="0.148" errors="0" timestamp="2023-08-31T13:43:20 IST">
  <testcase classname="listeners.RunnerClass" name="test1" time="0.016"/>
  <testcase classname="listeners.RunnerClass" name="test2" time="0.009">
    <failure type="java.lang.AssertionError" message="null">
      <![CDATA[java.lang.AssertionError: null
at listeners.RunnerClass.test2(RunnerClass.java:17)
at java.base/java.util.ArrayList.forEach(ArrayList.java:1511)
... Removed 29 stack frames]]>
    </failure>
  </testcase> <!-- test2 -->
  <testcase classname="listeners.RunnerClass" name="test3" time="0.0">
    <skipped/>
  </testcase> <!-- test3 -->
</testsuite> <!-- Test -->
